This is pdfTeX, Version 3.141592653-2.6-1.40.22 (TeX Live 2021) (preloaded format=pdflatex 2021.6.5)  28 AUG 2021 07:29
entering extended mode
 restricted \write18 enabled.
 %&-line parsing enabled.
**\nonstopmode \input ./Rd2.tex \input ./Rd2.tex \input ./Rd2.tex \input ./Rd2.
tex
(./Rd2.tex
(/usr/local/texlive/2021/texmf-dist/tex/latex/base/book.cls
Document Class: book 2020/04/10 v1.4m Standard LaTeX document class
(/usr/local/texlive/2021/texmf-dist/tex/latex/base/bk10.clo
File: bk10.clo 2020/04/10 v1.4m Standard LaTeX file (size option)
)
\c@part=\count179
\c@chapter=\count180
\c@section=\count181
\c@subsection=\count182
\c@subsubsection=\count183
\c@paragraph=\count184
\c@subparagraph=\count185
\c@figure=\count186
\c@table=\count187
\abovecaptionskip=\skip47
\belowcaptionskip=\skip48
\bibindent=\dimen138
)
(/Library/Frameworks/R.framework/Resources/share/texmf/tex/latex/Rd.sty
Package: Rd 

(/usr/local/texlive/2021/texmf-dist/tex/latex/base/ifthen.sty
Package: ifthen 2014/09/29 v1.1c Standard LaTeX ifthen package (DPC)
)
(/usr/local/texlive/2021/texmf-dist/tex/latex/tools/longtable.sty
Package: longtable 2020/01/07 v4.13 Multi-page Table package (DPC)
\LTleft=\skip49
\LTright=\skip50
\LTpre=\skip51
\LTpost=\skip52
\LTchunksize=\count188
\LTcapwidth=\dimen139
\LT@head=\box47
\LT@firsthead=\box48
\LT@foot=\box49
\LT@lastfoot=\box50
\LT@cols=\count189
\LT@rows=\count190
\c@LT@tables=\count191
\c@LT@chunks=\count192
\LT@p@ftn=\toks15
)
(/usr/local/texlive/2021/texmf-dist/tex/latex/tools/bm.sty
Package: bm 2019/07/24 v1.2d Bold Symbol Support (DPC/FMi)
\symboldoperators=\mathgroup4
\symboldletters=\mathgroup5
\symboldsymbols=\mathgroup6
LaTeX Font Info:    Redeclaring math alphabet \mathbf on input line 141.
LaTeX Info: Redefining \bm on input line 209.
)
(/usr/local/texlive/2021/texmf-dist/tex/latex/base/alltt.sty
Package: alltt 1997/06/16 v2.0g defines alltt environment
)
(/usr/local/texlive/2021/texmf-dist/tex/latex/tools/verbatim.sty
Package: verbatim 2020-07-07 v1.5u LaTeX2e package for verbatim enhancements
\every@verbatim=\toks16
\verbatim@line=\toks17
\verbatim@in@stream=\read2
)
(/usr/local/texlive/2021/texmf-dist/tex/latex/url/url.sty
\Urlmuskip=\muskip16
Package: url 2013/09/16  ver 3.4  Verb mode for urls, etc.
)
(/usr/local/texlive/2021/texmf-dist/tex/latex/base/textcomp.sty
Package: textcomp 2020/02/02 v2.0n Standard LaTeX package
)
\ldescriptionwidth=\skip53

(/usr/local/texlive/2021/texmf-dist/tex/latex/base/fontenc.sty
Package: fontenc 2020/08/10 v2.0s Standard LaTeX package
)
(/usr/local/texlive/2021/texmf-dist/tex/latex/psnfss/times.sty
Package: times 2020/03/25 PSNFSS-v9.3 (SPQR) 
)
(/usr/local/texlive/2021/texmf-dist/tex/latex/inconsolata/zi4.sty
Package: zi4 2019/05/17 v1.12

`inconsolata-zi4' v1.12, 2019/05/17 Text macros for Inconsolata (msharpe)
(/usr/local/texlive/2021/texmf-dist/tex/latex/xkeyval/xkeyval.sty
Package: xkeyval 2020/11/20 v2.8 package option processing (HA)

(/usr/local/texlive/2021/texmf-dist/tex/generic/xkeyval/xkeyval.tex
(/usr/local/texlive/2021/texmf-dist/tex/generic/xkeyval/xkvutils.tex
\XKV@toks=\toks18
\XKV@tempa@toks=\toks19

(/usr/local/texlive/2021/texmf-dist/tex/generic/xkeyval/keyval.tex))
\XKV@depth=\count193
File: xkeyval.tex 2014/12/03 v2.7a key=value parser (HA)
))
\zifour@ocount=\count194
)
(/usr/local/texlive/2021/texmf-dist/tex/latex/graphics/color.sty
Package: color 2020/02/24 v1.2b Standard LaTeX Color (DPC)

(/usr/local/texlive/2021/texmf-dist/tex/latex/graphics-cfg/color.cfg
File: color.cfg 2016/01/02 v1.6 sample color configuration
)
Package color Info: Driver file: pdftex.def on input line 147.

(/usr/local/texlive/2021/texmf-dist/tex/latex/graphics-def/pdftex.def
File: pdftex.def 2020/10/05 v1.2a Graphics/color driver for pdftex
))
(/usr/local/texlive/2021/texmf-dist/tex/latex/hyperref/hyperref.sty
Package: hyperref 2021-02-27 v7.00k Hypertext links for LaTeX

(/usr/local/texlive/2021/texmf-dist/tex/generic/ltxcmds/ltxcmds.sty
Package: ltxcmds 2020-05-10 v1.25 LaTeX kernel commands for general use (HO)
)
(/usr/local/texlive/2021/texmf-dist/tex/generic/iftex/iftex.sty
Package: iftex 2020/03/06 v1.0d TeX engine tests
)
(/usr/local/texlive/2021/texmf-dist/tex/generic/pdftexcmds/pdftexcmds.sty
Package: pdftexcmds 2020-06-27 v0.33 Utility functions of pdfTeX for LuaTeX (HO
)

(/usr/local/texlive/2021/texmf-dist/tex/generic/infwarerr/infwarerr.sty
Package: infwarerr 2019/12/03 v1.5 Providing info/warning/error messages (HO)
)
Package pdftexcmds Info: \pdf@primitive is available.
Package pdftexcmds Info: \pdf@ifprimitive is available.
Package pdftexcmds Info: \pdfdraftmode found.
)
(/usr/local/texlive/2021/texmf-dist/tex/generic/kvsetkeys/kvsetkeys.sty
Package: kvsetkeys 2019/12/15 v1.18 Key value parser (HO)
)
(/usr/local/texlive/2021/texmf-dist/tex/generic/kvdefinekeys/kvdefinekeys.sty
Package: kvdefinekeys 2019-12-19 v1.6 Define keys (HO)
)
(/usr/local/texlive/2021/texmf-dist/tex/generic/pdfescape/pdfescape.sty
Package: pdfescape 2019/12/09 v1.15 Implements pdfTeX's escape features (HO)
)
(/usr/local/texlive/2021/texmf-dist/tex/latex/hycolor/hycolor.sty
Package: hycolor 2020-01-27 v1.10 Color options for hyperref/bookmark (HO)
)
(/usr/local/texlive/2021/texmf-dist/tex/latex/letltxmacro/letltxmacro.sty
Package: letltxmacro 2019/12/03 v1.6 Let assignment for LaTeX macros (HO)
)
(/usr/local/texlive/2021/texmf-dist/tex/latex/auxhook/auxhook.sty
Package: auxhook 2019-12-17 v1.6 Hooks for auxiliary files (HO)
)
(/usr/local/texlive/2021/texmf-dist/tex/latex/kvoptions/kvoptions.sty
Package: kvoptions 2020-10-07 v3.14 Key value format for package options (HO)
)
\@linkdim=\dimen140
\Hy@linkcounter=\count195
\Hy@pagecounter=\count196

(/usr/local/texlive/2021/texmf-dist/tex/latex/hyperref/pd1enc.def
File: pd1enc.def 2021-02-27 v7.00k Hyperref: PDFDocEncoding definition (HO)
Now handling font encoding PD1 ...
... no UTF-8 mapping file for font encoding PD1
)
(/usr/local/texlive/2021/texmf-dist/tex/latex/hyperref/hyperref-langpatches.def
File: hyperref-langpatches.def 2021-02-27 v7.00k Hyperref: patches for babel la
nguages
) (/usr/local/texlive/2021/texmf-dist/tex/generic/intcalc/intcalc.sty
Package: intcalc 2019/12/15 v1.3 Expandable calculations with integers (HO)
)
(/usr/local/texlive/2021/texmf-dist/tex/generic/etexcmds/etexcmds.sty
Package: etexcmds 2019/12/15 v1.7 Avoid name clashes with e-TeX commands (HO)
)
\Hy@SavedSpaceFactor=\count197

(/usr/local/texlive/2021/texmf-dist/tex/latex/hyperref/puenc.def
File: puenc.def 2021-02-27 v7.00k Hyperref: PDF Unicode definition (HO)
Now handling font encoding PU ...
... no UTF-8 mapping file for font encoding PU
)
Package hyperref Info: Hyper figures OFF on input line 4192.
Package hyperref Info: Link nesting OFF on input line 4197.
Package hyperref Info: Hyper index ON on input line 4200.
Package hyperref Info: Plain pages OFF on input line 4207.
Package hyperref Info: Backreferencing OFF on input line 4212.
Package hyperref Info: Implicit mode ON; LaTeX internals redefined.
Package hyperref Info: Bookmarks ON on input line 4445.
\c@Hy@tempcnt=\count198
LaTeX Info: Redefining \url on input line 4804.
\XeTeXLinkMargin=\dimen141

(/usr/local/texlive/2021/texmf-dist/tex/generic/bitset/bitset.sty
Package: bitset 2019/12/09 v1.3 Handle bit-vector datatype (HO)

(/usr/local/texlive/2021/texmf-dist/tex/generic/bigintcalc/bigintcalc.sty
Package: bigintcalc 2019/12/15 v1.5 Expandable calculations on big integers (HO
)
))
\Fld@menulength=\count199
\Field@Width=\dimen142
\Fld@charsize=\dimen143
Package hyperref Info: Hyper figures OFF on input line 6075.
Package hyperref Info: Link nesting OFF on input line 6080.
Package hyperref Info: Hyper index ON on input line 6083.
Package hyperref Info: backreferencing OFF on input line 6090.
Package hyperref Info: Link coloring OFF on input line 6095.
Package hyperref Info: Link coloring with OCG OFF on input line 6100.
Package hyperref Info: PDF/A mode OFF on input line 6105.
LaTeX Info: Redefining \ref on input line 6145.
LaTeX Info: Redefining \pageref on input line 6149.

(/usr/local/texlive/2021/texmf-dist/tex/latex/base/atbegshi-ltx.sty
Package: atbegshi-ltx 2020/08/17 v1.0a Emulation of the original atbegshi packa
ge
with kernel methods
)
\Hy@abspage=\count266
\c@Item=\count267
\c@Hfootnote=\count268
)
Package hyperref Info: Driver (autodetected): hpdftex.

(/usr/local/texlive/2021/texmf-dist/tex/latex/hyperref/hpdftex.def
File: hpdftex.def 2021-02-27 v7.00k Hyperref driver for pdfTeX

(/usr/local/texlive/2021/texmf-dist/tex/latex/base/atveryend-ltx.sty
Package: atveryend-ltx 2020/08/19 v1.0a Emulation of the original atvery packag
e
with kernel methods
)
\Fld@listcount=\count269
\c@bookmark@seq@number=\count270

(/usr/local/texlive/2021/texmf-dist/tex/latex/rerunfilecheck/rerunfilecheck.sty
Package: rerunfilecheck 2019/12/05 v1.9 Rerun checks for auxiliary files (HO)

(/usr/local/texlive/2021/texmf-dist/tex/generic/uniquecounter/uniquecounter.sty
Package: uniquecounter 2019/12/15 v1.4 Provide unlimited unique counter (HO)
)
Package uniquecounter Info: New unique counter `rerunfilecheck' on input line 2
86.
)
\Hy@SectionHShift=\skip54
)

Package hyperref Warning: Option `hyperindex' has already been used,
(hyperref)                setting the option has no effect on input line 377.

Package hyperref Info: Option `colorlinks' set `true' on input line 377.

Package hyperref Warning: Option `pagebackref' has already been used,
(hyperref)                setting the option has no effect on input line 377.

Package hyperref Info: Option `linktocpage' set `true' on input line 377.
Package hyperref Info: Option `plainpages' set `false' on input line 377.
) (/usr/local/texlive/2021/texmf-dist/tex/latex/base/makeidx.sty
Package: makeidx 2014/09/29 v1.0m Standard LaTeX package
)
(/usr/local/texlive/2021/texmf-dist/tex/latex/base/inputenc.sty
Package: inputenc 2020/08/01 v1.3d Input encoding file
\inpenc@prehook=\toks20
\inpenc@posthook=\toks21
)
\@indexfile=\write3
\openout3 = `Rd2.idx'.


Writing index file Rd2.idx
LaTeX Font Info:    Trying to load font information for T1+ptm on input line 8.

(/usr/local/texlive/2021/texmf-dist/tex/latex/psnfss/t1ptm.fd
File: t1ptm.fd 2001/06/04 font definitions for T1/ptm.
)
(/usr/local/texlive/2021/texmf-dist/tex/latex/l3backend/l3backend-pdftex.def
File: l3backend-pdftex.def 2021-03-18 L3 backend support: PDF output (pdfTeX)
\l__color_backend_stack_int=\count271
\l__pdf_internal_box=\box51
)
(/private/var/folders/xv/74dy9zwx1cl44s41qn5sn2xm0000gn/T/RtmponyvYD/Rd2pdfc812
62aa43ed/Rd2.aux)
\openout1 = `Rd2.aux'.

LaTeX Font Info:    Checking defaults for OML/cmm/m/it on input line 8.
LaTeX Font Info:    ... okay on input line 8.
LaTeX Font Info:    Checking defaults for OMS/cmsy/m/n on input line 8.
LaTeX Font Info:    ... okay on input line 8.
LaTeX Font Info:    Checking defaults for OT1/cmr/m/n on input line 8.
LaTeX Font Info:    ... okay on input line 8.
LaTeX Font Info:    Checking defaults for T1/cmr/m/n on input line 8.
LaTeX Font Info:    ... okay on input line 8.
LaTeX Font Info:    Checking defaults for TS1/cmr/m/n on input line 8.
LaTeX Font Info:    ... okay on input line 8.
LaTeX Font Info:    Checking defaults for OMX/cmex/m/n on input line 8.
LaTeX Font Info:    ... okay on input line 8.
LaTeX Font Info:    Checking defaults for U/cmr/m/n on input line 8.
LaTeX Font Info:    ... okay on input line 8.
LaTeX Font Info:    Checking defaults for PD1/pdf/m/n on input line 8.
LaTeX Font Info:    ... okay on input line 8.
LaTeX Font Info:    Checking defaults for PU/pdf/m/n on input line 8.
LaTeX Font Info:    ... okay on input line 8.

(/usr/local/texlive/2021/texmf-dist/tex/context/base/mkii/supp-pdf.mkii
[Loading MPS to PDF converter (version 2006.09.02).]
\scratchcounter=\count272
\scratchdimen=\dimen144
\scratchbox=\box52
\nofMPsegments=\count273
\nofMParguments=\count274
\everyMPshowfont=\toks22
\MPscratchCnt=\count275
\MPscratchDim=\dimen145
\MPnumerator=\count276
\makeMPintoPDFobject=\count277
\everyMPtoPDFconversion=\toks23
)
Package hyperref Info: Link coloring ON on input line 8.
 (/usr/local/texlive/2021/texmf-dist/tex/latex/hyperref/nameref.sty
Package: nameref 2021-04-02 v2.47 Cross-referencing by name of section

(/usr/local/texlive/2021/texmf-dist/tex/latex/refcount/refcount.sty
Package: refcount 2019/12/15 v3.6 Data extraction from label references (HO)
)
(/usr/local/texlive/2021/texmf-dist/tex/generic/gettitlestring/gettitlestring.s
ty
Package: gettitlestring 2019/12/15 v1.6 Cleanup title references (HO)
)
\c@section@level=\count278
)
LaTeX Info: Redefining \ref on input line 8.
LaTeX Info: Redefining \pageref on input line 8.
LaTeX Info: Redefining \nameref on input line 8.

(/private/var/folders/xv/74dy9zwx1cl44s41qn5sn2xm0000gn/T/RtmponyvYD/Rd2pdfc812
62aa43ed/Rd2.out)
(/private/var/folders/xv/74dy9zwx1cl44s41qn5sn2xm0000gn/T/RtmponyvYD/Rd2pdfc812
62aa43ed/Rd2.out)
\@outlinefile=\write4
\openout4 = `Rd2.out'.

LaTeX Font Info:    Trying to load font information for T1+zi4 on input line 30
.

(/usr/local/texlive/2021/texmf-dist/tex/latex/inconsolata/t1zi4.fd
File: t1zi4.fd 2018/01/14 T1/zi4 (Inconsolata)
)
LaTeX Font Info:    Font shape `T1/zi4/m/n' will be
(Font)              scaled to size 10.0pt on input line 30.
LaTeX Font Info:    External font `cmex10' loaded for size
(Font)              <7> on input line 30.
LaTeX Font Info:    External font `cmex10' loaded for size
(Font)              <5> on input line 30.
LaTeX Font Info:    Trying to load font information for T1+phv on input line 34
.

(/usr/local/texlive/2021/texmf-dist/tex/latex/psnfss/t1phv.fd
File: t1phv.fd 2020/03/25 scalable font definitions for T1/phv.
)
(/private/var/folders/xv/74dy9zwx1cl44s41qn5sn2xm0000gn/T/RtmponyvYD/Rd2pdfc812
62aa43ed/Rd2.toc [1


{/usr/local/texlive/2021/texmf-var/fonts/map/pdftex/updmap/pdftex.map}])
\tf@toc=\write5
\openout5 = `Rd2.toc'.

LaTeX Font Info:    Trying to load font information for TS1+zi4 on input line 4
4.

(/usr/local/texlive/2021/texmf-dist/tex/latex/inconsolata/ts1zi4.fd
File: ts1zi4.fd 2018/01/14 TS1/zi4 (Inconsolata)
)
LaTeX Font Info:    Font shape `TS1/zi4/m/n' will be
(Font)              scaled to size 10.0pt on input line 44.

Overfull \hbox (28.22552pt too wide) in paragraph at lines 62--63
\T1/ptm/m/n/10 dis-par-i-ties across so-cial cat-e-gories." So-ci-o-log-i-cal M
eth-ods and Re-search. Avail-able at https://osf.io/gx4y3/. 
 []

LaTeX Font Info:    Font shape `T1/zi4/m/n' will be
(Font)              scaled to size 9.0pt on input line 66.
[2] [3]
Overfull \hbox (3.29773pt too wide) in paragraph at lines 132--133
\T1/ptm/m/n/10 tions to folds sys-tem-at-i-cally: sort the data by the vari-abl
e named \T1/zi4/m/n/10 category_name\T1/ptm/m/n/10 ,
 []


Overfull \hbox (76.24771pt too wide) in paragraph at lines 142--146
[]\T1/zi4/m/n/10 counterfactual_means \T1/ptm/m/n/10 A tib-ble with a coun-ter-
fac-tual mean es-ti-mate for each cat-e-gory \T1/zi4/m/n/10 counterfactual_mean
s
 []


Overfull \hbox (28.22552pt too wide) in paragraph at lines 152--153
\T1/ptm/m/n/10 dis-par-i-ties across so-cial cat-e-gories." So-ci-o-log-i-cal M
eth-ods and Re-search. Avail-able at https://osf.io/gx4y3/. 
 []

[4]
Overfull \hbox (28.22552pt too wide) in paragraph at lines 178--179
\T1/ptm/m/n/10 dis-par-i-ties across so-cial cat-e-gories." So-ci-o-log-i-cal M
eth-ods and Re-search. Avail-able at https://osf.io/gx4y3/. 
 []

[5]
Overfull \hbox (15.99843pt too wide) in paragraph at lines 223--224
[]\T1/ptm/m/n/10 An ob-ject of class \T1/zi4/m/n/10 gapclosing\T1/ptm/m/n/10 , 
which re-sults from a call to the func-tion \T1/zi4/m/n/10 gapclosing 
 []


Overfull \hbox (28.22552pt too wide) in paragraph at lines 240--241
\T1/ptm/m/n/10 dis-par-i-ties across so-cial cat-e-gories." So-ci-o-log-i-cal M
eth-ods and Re-search. Avail-able at https://osf.io/gx4y3/. 
 []


Overfull \hbox (28.22552pt too wide) in paragraph at lines 270--271
\T1/ptm/m/n/10 dis-par-i-ties across so-cial cat-e-gories." So-ci-o-log-i-cal M
eth-ods and Re-search. Avail-able at https://osf.io/gx4y3/. 
 []

[6]
Overfull \hbox (4.06648pt too wide) in paragraph at lines 272--273
\T1/ptm/m/n/10 Co-or-di-nate De-scent." Jour-nal of Sta-tis-ti-cal Soft-ware, 3
3(1), 1^^U22. https://www.jstatsoft.org/v33/i01/. 
 []

[7]
Overfull \hbox (6.45758pt too wide) in paragraph at lines 325--326
[]\T1/ptm/m/n/10 Character for the type of sam-ple split-ting to be con-ducted.
 One of "sin-gle_sample"
 []

[8]
Overfull \hbox (3.29773pt too wide) in paragraph at lines 337--338
\T1/ptm/m/n/10 tions to folds sys-tem-at-i-cally: sort the data by the vari-abl
e named \T1/zi4/m/n/10 category_name\T1/ptm/m/n/10 ,
 []

LaTeX Font Info:    Trying to load font information for TS1+ptm on input line 3
48.
(/usr/local/texlive/2021/texmf-dist/tex/latex/psnfss/ts1ptm.fd
File: ts1ptm.fd 2001/06/04 font definitions for TS1/ptm.
)
Underfull \hbox (badness 10000) in paragraph at lines 348--349

 []


Underfull \hbox (badness 10000) in paragraph at lines 349--350

 []


Overfull \hbox (11.12741pt too wide) in paragraph at lines 350--351
[]\T1/zi4/m/n/10 counterfactual_means \T1/ptm/m/n/10 A tib-ble con-tain-ing the
 coun-ter-fac-tual mean out-come (post-intervention
 []


Underfull \hbox (badness 10000) in paragraph at lines 350--351

 []


Overfull \hbox (2.66747pt too wide) in paragraph at lines 351--352
[]\T1/zi4/m/n/10 counterfactual_disparities \T1/ptm/m/n/10 A tib-ble con-tain-i
ng the coun-ter-fac-tual dis-par-i-ties (gap-closing
 []


Underfull \hbox (badness 10000) in paragraph at lines 351--352

 []


Underfull \hbox (badness 10000) in paragraph at lines 352--353

 []


Underfull \hbox (badness 10000) in paragraph at lines 353--354

 []


Underfull \hbox (badness 10000) in paragraph at lines 354--355

 []


Underfull \hbox (badness 10000) in paragraph at lines 355--356

 []


Underfull \hbox (badness 10000) in paragraph at lines 356--357

 []

[9]
Underfull \hbox (badness 10000) in paragraph at lines 357--358

 []


Underfull \hbox (badness 10000) in paragraph at lines 358--359

 []


Overfull \hbox (28.22552pt too wide) in paragraph at lines 366--367
\T1/ptm/m/n/10 dis-par-i-ties across so-cial cat-e-gories." So-ci-o-log-i-cal M
eth-ods and Re-search. Avail-able at https://osf.io/gx4y3/. 
 []


Overfull \hbox (4.06648pt too wide) in paragraph at lines 368--369
\T1/ptm/m/n/10 Co-or-di-nate De-scent." Jour-nal of Sta-tis-ti-cal Soft-ware, 3
3(1), 1^^U22. https://www.jstatsoft.org/v33/i01/. 
 []

[10]
Overfull \hbox (28.22552pt too wide) in paragraph at lines 452--453
\T1/ptm/m/n/10 dis-par-i-ties across so-cial cat-e-gories." So-ci-o-log-i-cal M
eth-ods and Re-search. Avail-able at https://osf.io/gx4y3/. 
 []

[11]
Overfull \hbox (23.29904pt too wide) in paragraph at lines 469--470
\T1/ptm/m/n/10 umn named \T1/zi4/m/n/10 estimate\T1/ptm/m/n/10 ) and the cat-e-
gory name (named as spec-i-fied in \T1/zi4/m/n/10 category_name\T1/ptm/m/n/10 )
 
 []


Overfull \hbox (28.22552pt too wide) in paragraph at lines 480--481
\T1/ptm/m/n/10 dis-par-i-ties across so-cial cat-e-gories." So-ci-o-log-i-cal M
eth-ods and Re-search. Avail-able at https://osf.io/gx4y3/. 
 []


Overfull \hbox (4.06648pt too wide) in paragraph at lines 482--483
\T1/ptm/m/n/10 Co-or-di-nate De-scent." Jour-nal of Sta-tis-ti-cal Soft-ware, 3
3(1), 1^^U22. https://www.jstatsoft.org/v33/i01/. 
 []


Overfull \hbox (15.99843pt too wide) in paragraph at lines 512--513
[]\T1/ptm/m/n/10 An ob-ject of class \T1/zi4/m/n/10 gapclosing\T1/ptm/m/n/10 , 
which re-sults from a call to the func-tion \T1/zi4/m/n/10 gapclosing 
 []

[12]
Overfull \hbox (28.22552pt too wide) in paragraph at lines 527--528
\T1/ptm/m/n/10 dis-par-i-ties across so-cial cat-e-gories." So-ci-o-log-i-cal M
eth-ods and Re-search. Avail-able at https://osf.io/gx4y3/. 
 []

[13]
Overfull \hbox (76.24771pt too wide) in paragraph at lines 584--588
[]\T1/zi4/m/n/10 counterfactual_means \T1/ptm/m/n/10 A tib-ble with a coun-ter-
fac-tual mean es-ti-mate for each cat-e-gory \T1/zi4/m/n/10 counterfactual_mean
s
 []


Overfull \hbox (28.22552pt too wide) in paragraph at lines 594--595
\T1/ptm/m/n/10 dis-par-i-ties across so-cial cat-e-gories." So-ci-o-log-i-cal M
eth-ods and Re-search. Avail-able at https://osf.io/gx4y3/. 
 []

[14]
Overfull \hbox (15.99843pt too wide) in paragraph at lines 620--621
[]\T1/ptm/m/n/10 An ob-ject of class \T1/zi4/m/n/10 gapclosing\T1/ptm/m/n/10 , 
which re-sults from a call to the func-tion \T1/zi4/m/n/10 gapclosing 
 []


Overfull \hbox (28.22552pt too wide) in paragraph at lines 641--642
\T1/ptm/m/n/10 dis-par-i-ties across so-cial cat-e-gories." So-ci-o-log-i-cal M
eth-ods and Re-search. Avail-able at https://osf.io/gx4y3/. 
 []

[15]
Overfull \hbox (15.99843pt too wide) in paragraph at lines 659--660
[]\T1/ptm/m/n/10 An ob-ject of class \T1/zi4/m/n/10 gapclosing\T1/ptm/m/n/10 , 
which re-sults from a call to the func-tion \T1/zi4/m/n/10 gapclosing 
 []


Overfull \hbox (28.22552pt too wide) in paragraph at lines 670--671
\T1/ptm/m/n/10 dis-par-i-ties across so-cial cat-e-gories." So-ci-o-log-i-cal M
eth-ods and Re-search. Avail-able at https://osf.io/gx4y3/. 
 []


(/private/var/folders/xv/74dy9zwx1cl44s41qn5sn2xm0000gn/T/RtmponyvYD/Rd2pdfc812
62aa43ed/Rd2.ind [16] [17


])
(/private/var/folders/xv/74dy9zwx1cl44s41qn5sn2xm0000gn/T/RtmponyvYD/Rd2pdfc812
62aa43ed/Rd2.aux)
Package rerunfilecheck Info: File `Rd2.out' has not changed.
(rerunfilecheck)             Checksum: 4A2B6FB3B0FA6B9D72A2A8465F7CA0FD;1796.
 ) 
Here is how much of TeX's memory you used:
 8729 strings out of 478994
 128471 string characters out of 5858185
 427551 words of memory out of 5000000
 25960 multiletter control sequences out of 15000+600000
 438282 words of font info for 62 fonts, out of 8000000 for 9000
 1141 hyphenation exceptions out of 8191
 88i,6n,90p,914b,614s stack positions out of 5000i,500n,10000p,200000b,80000s
{/usr/local/texlive/2021/texmf-dist/fonts/enc/dvips/inconsolata/i4-ts1.enc}{/
usr/local/texlive/2021/texmf-dist/fonts/enc/dvips/base/8r.enc}{/usr/local/texli
ve/2021/texmf-dist/fonts/enc/dvips/inconsolata/i4-t1-0.enc}</usr/local/texlive/
2021/texmf-dist/fonts/type1/public/inconsolata/Inconsolata-zi4r.pfb></usr/local
/texlive/2021/texmf-dist/fonts/type1/urw/helvetic/uhvr8a.pfb></usr/local/texliv
e/2021/texmf-dist/fonts/type1/urw/times/utmb8a.pfb></usr/local/texlive/2021/tex
mf-dist/fonts/type1/urw/times/utmr8a.pfb></usr/local/texlive/2021/texmf-dist/fo
nts/type1/urw/times/utmr8a.pfb></usr/local/texlive/2021/texmf-dist/fonts/type1/
urw/times/utmri8a.pfb>
Output written on Rd2.pdf (17 pages, 112057 bytes).
PDF statistics:
 291 PDF objects out of 1000 (max. 8388607)
 263 compressed objects within 3 object streams
 109 named destinations out of 1000 (max. 500000)
 105 words of extra memory for PDF output out of 10000 (max. 10000000)

