Hmm ... looks like a package

This is pdfTeX, Version 3.141592653-2.6-1.40.22 (TeX Live 2021) (preloaded format=pdflatex)
 restricted \write18 enabled.
entering extended mode
LaTeX2e <2020-10-01> patch level 4
L3 programming layer <2021-02-18>
(./Rd2.tex
(/usr/local/texlive/2021/texmf-dist/tex/latex/base/book.cls
Document Class: book 2020/04/10 v1.4m Standard LaTeX document class
(/usr/local/texlive/2021/texmf-dist/tex/latex/base/bk10.clo))
(/Library/Frameworks/R.framework/Resources/share/texmf/tex/latex/Rd.sty
(/usr/local/texlive/2021/texmf-dist/tex/latex/base/ifthen.sty)
(/usr/local/texlive/2021/texmf-dist/tex/latex/tools/longtable.sty)
(/usr/local/texlive/2021/texmf-dist/tex/latex/tools/bm.sty)
(/usr/local/texlive/2021/texmf-dist/tex/latex/base/alltt.sty)
(/usr/local/texlive/2021/texmf-dist/tex/latex/tools/verbatim.sty)
(/usr/local/texlive/2021/texmf-dist/tex/latex/url/url.sty)
(/usr/local/texlive/2021/texmf-dist/tex/latex/base/textcomp.sty)
(/usr/local/texlive/2021/texmf-dist/tex/latex/base/fontenc.sty)
(/usr/local/texlive/2021/texmf-dist/tex/latex/psnfss/times.sty)
(/usr/local/texlive/2021/texmf-dist/tex/latex/inconsolata/zi4.sty
`inconsolata-zi4' v1.12, 2019/05/17 Text macros for Inconsolata (msharpe)
(/usr/local/texlive/2021/texmf-dist/tex/latex/xkeyval/xkeyval.sty
(/usr/local/texlive/2021/texmf-dist/tex/generic/xkeyval/xkeyval.tex
(/usr/local/texlive/2021/texmf-dist/tex/generic/xkeyval/xkvutils.tex
(/usr/local/texlive/2021/texmf-dist/tex/generic/xkeyval/keyval.tex)))))
(/usr/local/texlive/2021/texmf-dist/tex/latex/graphics/color.sty
(/usr/local/texlive/2021/texmf-dist/tex/latex/graphics-cfg/color.cfg)
(/usr/local/texlive/2021/texmf-dist/tex/latex/graphics-def/pdftex.def))
(/usr/local/texlive/2021/texmf-dist/tex/latex/hyperref/hyperref.sty
(/usr/local/texlive/2021/texmf-dist/tex/generic/ltxcmds/ltxcmds.sty)
(/usr/local/texlive/2021/texmf-dist/tex/generic/iftex/iftex.sty)
(/usr/local/texlive/2021/texmf-dist/tex/generic/pdftexcmds/pdftexcmds.sty
(/usr/local/texlive/2021/texmf-dist/tex/generic/infwarerr/infwarerr.sty))
(/usr/local/texlive/2021/texmf-dist/tex/generic/kvsetkeys/kvsetkeys.sty)
(/usr/local/texlive/2021/texmf-dist/tex/generic/kvdefinekeys/kvdefinekeys.sty)
(/usr/local/texlive/2021/texmf-dist/tex/generic/pdfescape/pdfescape.sty)
(/usr/local/texlive/2021/texmf-dist/tex/latex/hycolor/hycolor.sty)
(/usr/local/texlive/2021/texmf-dist/tex/latex/letltxmacro/letltxmacro.sty)
(/usr/local/texlive/2021/texmf-dist/tex/latex/auxhook/auxhook.sty)
(/usr/local/texlive/2021/texmf-dist/tex/latex/kvoptions/kvoptions.sty)
(/usr/local/texlive/2021/texmf-dist/tex/latex/hyperref/pd1enc.def)
(/usr/local/texlive/2021/texmf-dist/tex/latex/hyperref/hyperref-langpatches.def
) (/usr/local/texlive/2021/texmf-dist/tex/generic/intcalc/intcalc.sty)
(/usr/local/texlive/2021/texmf-dist/tex/generic/etexcmds/etexcmds.sty)
(/usr/local/texlive/2021/texmf-dist/tex/latex/hyperref/puenc.def)
(/usr/local/texlive/2021/texmf-dist/tex/generic/bitset/bitset.sty
(/usr/local/texlive/2021/texmf-dist/tex/generic/bigintcalc/bigintcalc.sty))
(/usr/local/texlive/2021/texmf-dist/tex/latex/base/atbegshi-ltx.sty))
(/usr/local/texlive/2021/texmf-dist/tex/latex/hyperref/hpdftex.def
(/usr/local/texlive/2021/texmf-dist/tex/latex/base/atveryend-ltx.sty)
(/usr/local/texlive/2021/texmf-dist/tex/latex/rerunfilecheck/rerunfilecheck.sty

(/usr/local/texlive/2021/texmf-dist/tex/generic/uniquecounter/uniquecounter.sty
)))

Package hyperref Warning: Option `hyperindex' has already been used,
(hyperref)                setting the option has no effect on input line 377.


Package hyperref Warning: Option `pagebackref' has already been used,
(hyperref)                setting the option has no effect on input line 377.

) (/usr/local/texlive/2021/texmf-dist/tex/latex/base/makeidx.sty)
(/usr/local/texlive/2021/texmf-dist/tex/latex/base/inputenc.sty)
Writing index file Rd2.idx
(/usr/local/texlive/2021/texmf-dist/tex/latex/psnfss/t1ptm.fd)
(/usr/local/texlive/2021/texmf-dist/tex/latex/l3backend/l3backend-pdftex.def)
No file Rd2.aux.
(/usr/local/texlive/2021/texmf-dist/tex/context/base/mkii/supp-pdf.mkii
[Loading MPS to PDF converter (version 2006.09.02).]
) (/usr/local/texlive/2021/texmf-dist/tex/latex/hyperref/nameref.sty
(/usr/local/texlive/2021/texmf-dist/tex/latex/refcount/refcount.sty)
(/usr/local/texlive/2021/texmf-dist/tex/generic/gettitlestring/gettitlestring.s
ty)) (/usr/local/texlive/2021/texmf-dist/tex/latex/inconsolata/t1zi4.fd)
(/usr/local/texlive/2021/texmf-dist/tex/latex/psnfss/t1phv.fd) [1{/usr/local/te
xlive/2021/texmf-var/fonts/map/pdftex/updmap/pdftex.map}]
(/usr/local/texlive/2021/texmf-dist/tex/latex/inconsolata/ts1zi4.fd)
Overfull \hbox (28.22552pt too wide) in paragraph at lines 65--66
\T1/ptm/m/n/10 dis-par-i-ties across so-cial cat-e-gories." So-ci-o-log-i-cal M
eth-ods and Re-search. Avail-able at https://osf.io/gx4y3/. 
[2] [3]
Overfull \hbox (3.29773pt too wide) in paragraph at lines 135--136
\T1/ptm/m/n/10 tions to folds sys-tem-at-i-cally: sort the data by the vari-abl
e named \T1/zi4/m/n/10 category_name\T1/ptm/m/n/10 ,

Overfull \hbox (76.24771pt too wide) in paragraph at lines 145--149
[]\T1/zi4/m/n/10 counterfactual_means \T1/ptm/m/n/10 A tib-ble with a coun-ter-
fac-tual mean es-ti-mate for each cat-e-gory \T1/zi4/m/n/10 counterfactual_mean
s

Overfull \hbox (28.22552pt too wide) in paragraph at lines 155--156
\T1/ptm/m/n/10 dis-par-i-ties across so-cial cat-e-gories." So-ci-o-log-i-cal M
eth-ods and Re-search. Avail-able at https://osf.io/gx4y3/. 
[4]
Overfull \hbox (28.22552pt too wide) in paragraph at lines 181--182
\T1/ptm/m/n/10 dis-par-i-ties across so-cial cat-e-gories." So-ci-o-log-i-cal M
eth-ods and Re-search. Avail-able at https://osf.io/gx4y3/. 
[5]
Overfull \hbox (15.99843pt too wide) in paragraph at lines 226--227
[]\T1/ptm/m/n/10 An ob-ject of class \T1/zi4/m/n/10 gapclosing\T1/ptm/m/n/10 , 
which re-sults from a call to the func-tion \T1/zi4/m/n/10 gapclosing 

Overfull \hbox (28.22552pt too wide) in paragraph at lines 243--244
\T1/ptm/m/n/10 dis-par-i-ties across so-cial cat-e-gories." So-ci-o-log-i-cal M
eth-ods and Re-search. Avail-able at https://osf.io/gx4y3/. 

Overfull \hbox (28.22552pt too wide) in paragraph at lines 273--274
\T1/ptm/m/n/10 dis-par-i-ties across so-cial cat-e-gories." So-ci-o-log-i-cal M
eth-ods and Re-search. Avail-able at https://osf.io/gx4y3/. 
[6]
Overfull \hbox (4.06648pt too wide) in paragraph at lines 275--276
\T1/ptm/m/n/10 Co-or-di-nate De-scent." Jour-nal of Sta-tis-ti-cal Soft-ware, 3
3(1), 1^^U22. https://www.jstatsoft.org/v33/i01/. 
[7]
Overfull \hbox (6.45758pt too wide) in paragraph at lines 328--329
[]\T1/ptm/m/n/10 Character for the type of sam-ple split-ting to be con-ducted.
 One of "sin-gle_sample"
[8]
Overfull \hbox (3.29773pt too wide) in paragraph at lines 340--341
\T1/ptm/m/n/10 tions to folds sys-tem-at-i-cally: sort the data by the vari-abl
e named \T1/zi4/m/n/10 category_name\T1/ptm/m/n/10 ,
(/usr/local/texlive/2021/texmf-dist/tex/latex/psnfss/ts1ptm.fd)
Underfull \hbox (badness 10000) in paragraph at lines 351--352


Underfull \hbox (badness 10000) in paragraph at lines 352--353


Overfull \hbox (11.12741pt too wide) in paragraph at lines 353--354
[]\T1/zi4/m/n/10 counterfactual_means \T1/ptm/m/n/10 A tib-ble con-tain-ing the
 coun-ter-fac-tual mean out-come (post-intervention

Underfull \hbox (badness 10000) in paragraph at lines 353--354


Overfull \hbox (2.66747pt too wide) in paragraph at lines 354--355
[]\T1/zi4/m/n/10 counterfactual_disparities \T1/ptm/m/n/10 A tib-ble con-tain-i
ng the coun-ter-fac-tual dis-par-i-ties (gap-closing

Underfull \hbox (badness 10000) in paragraph at lines 354--355


Underfull \hbox (badness 10000) in paragraph at lines 355--356


Underfull \hbox (badness 10000) in paragraph at lines 356--357


Underfull \hbox (badness 10000) in paragraph at lines 357--358


Underfull \hbox (badness 10000) in paragraph at lines 358--359


Underfull \hbox (badness 10000) in paragraph at lines 359--360

[9]
Underfull \hbox (badness 10000) in paragraph at lines 360--361


Underfull \hbox (badness 10000) in paragraph at lines 361--362


Overfull \hbox (28.22552pt too wide) in paragraph at lines 369--370
\T1/ptm/m/n/10 dis-par-i-ties across so-cial cat-e-gories." So-ci-o-log-i-cal M
eth-ods and Re-search. Avail-able at https://osf.io/gx4y3/. 

Overfull \hbox (4.06648pt too wide) in paragraph at lines 371--372
\T1/ptm/m/n/10 Co-or-di-nate De-scent." Jour-nal of Sta-tis-ti-cal Soft-ware, 3
3(1), 1^^U22. https://www.jstatsoft.org/v33/i01/. 
[10]
Overfull \hbox (28.22552pt too wide) in paragraph at lines 455--456
\T1/ptm/m/n/10 dis-par-i-ties across so-cial cat-e-gories." So-ci-o-log-i-cal M
eth-ods and Re-search. Avail-able at https://osf.io/gx4y3/. 
[11]
Overfull \hbox (23.29904pt too wide) in paragraph at lines 472--473
\T1/ptm/m/n/10 umn named \T1/zi4/m/n/10 estimate\T1/ptm/m/n/10 ) and the cat-e-
gory name (named as spec-i-fied in \T1/zi4/m/n/10 category_name\T1/ptm/m/n/10 )
 

Overfull \hbox (28.22552pt too wide) in paragraph at lines 483--484
\T1/ptm/m/n/10 dis-par-i-ties across so-cial cat-e-gories." So-ci-o-log-i-cal M
eth-ods and Re-search. Avail-able at https://osf.io/gx4y3/. 

Overfull \hbox (4.06648pt too wide) in paragraph at lines 485--486
\T1/ptm/m/n/10 Co-or-di-nate De-scent." Jour-nal of Sta-tis-ti-cal Soft-ware, 3
3(1), 1^^U22. https://www.jstatsoft.org/v33/i01/. 

Overfull \hbox (15.99843pt too wide) in paragraph at lines 515--516
[]\T1/ptm/m/n/10 An ob-ject of class \T1/zi4/m/n/10 gapclosing\T1/ptm/m/n/10 , 
which re-sults from a call to the func-tion \T1/zi4/m/n/10 gapclosing 
[12]
Overfull \hbox (28.22552pt too wide) in paragraph at lines 530--531
\T1/ptm/m/n/10 dis-par-i-ties across so-cial cat-e-gories." So-ci-o-log-i-cal M
eth-ods and Re-search. Avail-able at https://osf.io/gx4y3/. 
[13]
Overfull \hbox (76.24771pt too wide) in paragraph at lines 587--591
[]\T1/zi4/m/n/10 counterfactual_means \T1/ptm/m/n/10 A tib-ble with a coun-ter-
fac-tual mean es-ti-mate for each cat-e-gory \T1/zi4/m/n/10 counterfactual_mean
s

Overfull \hbox (28.22552pt too wide) in paragraph at lines 597--598
\T1/ptm/m/n/10 dis-par-i-ties across so-cial cat-e-gories." So-ci-o-log-i-cal M
eth-ods and Re-search. Avail-able at https://osf.io/gx4y3/. 
[14]
Overfull \hbox (15.99843pt too wide) in paragraph at lines 623--624
[]\T1/ptm/m/n/10 An ob-ject of class \T1/zi4/m/n/10 gapclosing\T1/ptm/m/n/10 , 
which re-sults from a call to the func-tion \T1/zi4/m/n/10 gapclosing 

Overfull \hbox (28.22552pt too wide) in paragraph at lines 644--645
\T1/ptm/m/n/10 dis-par-i-ties across so-cial cat-e-gories." So-ci-o-log-i-cal M
eth-ods and Re-search. Avail-able at https://osf.io/gx4y3/. 
[15]
Overfull \hbox (15.99843pt too wide) in paragraph at lines 662--663
[]\T1/ptm/m/n/10 An ob-ject of class \T1/zi4/m/n/10 gapclosing\T1/ptm/m/n/10 , 
which re-sults from a call to the func-tion \T1/zi4/m/n/10 gapclosing 

Overfull \hbox (28.22552pt too wide) in paragraph at lines 673--674
\T1/ptm/m/n/10 dis-par-i-ties across so-cial cat-e-gories." So-ci-o-log-i-cal M
eth-ods and Re-search. Avail-able at https://osf.io/gx4y3/. 
No file Rd2.ind.
[16]
(/private/var/folders/xv/74dy9zwx1cl44s41qn5sn2xm0000gn/T/Rtmpj1RhZx/Rd2pdfdad4
29c63c17/Rd2.aux)

Package rerunfilecheck Warning: File `Rd2.out' has changed.
(rerunfilecheck)                Rerun to get outlines right
(rerunfilecheck)                or use package `bookmark'.

 )
(see the transcript file for additional information){/usr/local/texlive/2021/te
xmf-dist/fonts/enc/dvips/inconsolata/i4-ts1.enc}{/usr/local/texlive/2021/texmf-
dist/fonts/enc/dvips/base/8r.enc}{/usr/local/texlive/2021/texmf-dist/fonts/enc/
dvips/inconsolata/i4-t1-0.enc}</usr/local/texlive/2021/texmf-dist/fonts/type1/p
ublic/inconsolata/Inconsolata-zi4r.pfb></usr/local/texlive/2021/texmf-dist/font
s/type1/urw/helvetic/uhvr8a.pfb></usr/local/texlive/2021/texmf-dist/fonts/type1
/urw/times/utmb8a.pfb></usr/local/texlive/2021/texmf-dist/fonts/type1/urw/times
/utmr8a.pfb></usr/local/texlive/2021/texmf-dist/fonts/type1/urw/times/utmr8a.pf
b></usr/local/texlive/2021/texmf-dist/fonts/type1/urw/times/utmri8a.pfb>
Output written on Rd2.pdf (16 pages, 109160 bytes).
Transcript written on Rd2.log.
This is pdfTeX, Version 3.141592653-2.6-1.40.22 (TeX Live 2021) (preloaded format=pdflatex)
 restricted \write18 enabled.
entering extended mode
LaTeX2e <2020-10-01> patch level 4
L3 programming layer <2021-02-18>
(./Rd2.tex
(/usr/local/texlive/2021/texmf-dist/tex/latex/base/book.cls
Document Class: book 2020/04/10 v1.4m Standard LaTeX document class
(/usr/local/texlive/2021/texmf-dist/tex/latex/base/bk10.clo))
(/Library/Frameworks/R.framework/Resources/share/texmf/tex/latex/Rd.sty
(/usr/local/texlive/2021/texmf-dist/tex/latex/base/ifthen.sty)
(/usr/local/texlive/2021/texmf-dist/tex/latex/tools/longtable.sty)
(/usr/local/texlive/2021/texmf-dist/tex/latex/tools/bm.sty)
(/usr/local/texlive/2021/texmf-dist/tex/latex/base/alltt.sty)
(/usr/local/texlive/2021/texmf-dist/tex/latex/tools/verbatim.sty)
(/usr/local/texlive/2021/texmf-dist/tex/latex/url/url.sty)
(/usr/local/texlive/2021/texmf-dist/tex/latex/base/textcomp.sty)
(/usr/local/texlive/2021/texmf-dist/tex/latex/base/fontenc.sty)
(/usr/local/texlive/2021/texmf-dist/tex/latex/psnfss/times.sty)
(/usr/local/texlive/2021/texmf-dist/tex/latex/inconsolata/zi4.sty
`inconsolata-zi4' v1.12, 2019/05/17 Text macros for Inconsolata (msharpe)
(/usr/local/texlive/2021/texmf-dist/tex/latex/xkeyval/xkeyval.sty
(/usr/local/texlive/2021/texmf-dist/tex/generic/xkeyval/xkeyval.tex
(/usr/local/texlive/2021/texmf-dist/tex/generic/xkeyval/xkvutils.tex
(/usr/local/texlive/2021/texmf-dist/tex/generic/xkeyval/keyval.tex)))))
(/usr/local/texlive/2021/texmf-dist/tex/latex/graphics/color.sty
(/usr/local/texlive/2021/texmf-dist/tex/latex/graphics-cfg/color.cfg)
(/usr/local/texlive/2021/texmf-dist/tex/latex/graphics-def/pdftex.def))
(/usr/local/texlive/2021/texmf-dist/tex/latex/hyperref/hyperref.sty
(/usr/local/texlive/2021/texmf-dist/tex/generic/ltxcmds/ltxcmds.sty)
(/usr/local/texlive/2021/texmf-dist/tex/generic/iftex/iftex.sty)
(/usr/local/texlive/2021/texmf-dist/tex/generic/pdftexcmds/pdftexcmds.sty
(/usr/local/texlive/2021/texmf-dist/tex/generic/infwarerr/infwarerr.sty))
(/usr/local/texlive/2021/texmf-dist/tex/generic/kvsetkeys/kvsetkeys.sty)
(/usr/local/texlive/2021/texmf-dist/tex/generic/kvdefinekeys/kvdefinekeys.sty)
(/usr/local/texlive/2021/texmf-dist/tex/generic/pdfescape/pdfescape.sty)
(/usr/local/texlive/2021/texmf-dist/tex/latex/hycolor/hycolor.sty)
(/usr/local/texlive/2021/texmf-dist/tex/latex/letltxmacro/letltxmacro.sty)
(/usr/local/texlive/2021/texmf-dist/tex/latex/auxhook/auxhook.sty)
(/usr/local/texlive/2021/texmf-dist/tex/latex/kvoptions/kvoptions.sty)
(/usr/local/texlive/2021/texmf-dist/tex/latex/hyperref/pd1enc.def)
(/usr/local/texlive/2021/texmf-dist/tex/latex/hyperref/hyperref-langpatches.def
) (/usr/local/texlive/2021/texmf-dist/tex/generic/intcalc/intcalc.sty)
(/usr/local/texlive/2021/texmf-dist/tex/generic/etexcmds/etexcmds.sty)
(/usr/local/texlive/2021/texmf-dist/tex/latex/hyperref/puenc.def)
(/usr/local/texlive/2021/texmf-dist/tex/generic/bitset/bitset.sty
(/usr/local/texlive/2021/texmf-dist/tex/generic/bigintcalc/bigintcalc.sty))
(/usr/local/texlive/2021/texmf-dist/tex/latex/base/atbegshi-ltx.sty))
(/usr/local/texlive/2021/texmf-dist/tex/latex/hyperref/hpdftex.def
(/usr/local/texlive/2021/texmf-dist/tex/latex/base/atveryend-ltx.sty)
(/usr/local/texlive/2021/texmf-dist/tex/latex/rerunfilecheck/rerunfilecheck.sty

(/usr/local/texlive/2021/texmf-dist/tex/generic/uniquecounter/uniquecounter.sty
)))

Package hyperref Warning: Option `hyperindex' has already been used,
(hyperref)                setting the option has no effect on input line 377.


Package hyperref Warning: Option `pagebackref' has already been used,
(hyperref)                setting the option has no effect on input line 377.

) (/usr/local/texlive/2021/texmf-dist/tex/latex/base/makeidx.sty)
(/usr/local/texlive/2021/texmf-dist/tex/latex/base/inputenc.sty)
Writing index file Rd2.idx
(/usr/local/texlive/2021/texmf-dist/tex/latex/psnfss/t1ptm.fd)
(/usr/local/texlive/2021/texmf-dist/tex/latex/l3backend/l3backend-pdftex.def)
(/private/var/folders/xv/74dy9zwx1cl44s41qn5sn2xm0000gn/T/Rtmpj1RhZx/Rd2pdfdad4
29c63c17/Rd2.aux)
(/usr/local/texlive/2021/texmf-dist/tex/context/base/mkii/supp-pdf.mkii
[Loading MPS to PDF converter (version 2006.09.02).]
) (/usr/local/texlive/2021/texmf-dist/tex/latex/hyperref/nameref.sty
(/usr/local/texlive/2021/texmf-dist/tex/latex/refcount/refcount.sty)
(/usr/local/texlive/2021/texmf-dist/tex/generic/gettitlestring/gettitlestring.s
ty))
(/private/var/folders/xv/74dy9zwx1cl44s41qn5sn2xm0000gn/T/Rtmpj1RhZx/Rd2pdfdad4
29c63c17/Rd2.out)
(/private/var/folders/xv/74dy9zwx1cl44s41qn5sn2xm0000gn/T/Rtmpj1RhZx/Rd2pdfdad4
29c63c17/Rd2.out)
(/usr/local/texlive/2021/texmf-dist/tex/latex/inconsolata/t1zi4.fd)
(/usr/local/texlive/2021/texmf-dist/tex/latex/psnfss/t1phv.fd)
(/private/var/folders/xv/74dy9zwx1cl44s41qn5sn2xm0000gn/T/Rtmpj1RhZx/Rd2pdfdad4
29c63c17/Rd2.toc [1{/usr/local/texlive/2021/texmf-var/fonts/map/pdftex/updmap/p
dftex.map}])
(/usr/local/texlive/2021/texmf-dist/tex/latex/inconsolata/ts1zi4.fd)
Overfull \hbox (28.22552pt too wide) in paragraph at lines 65--66
\T1/ptm/m/n/10 dis-par-i-ties across so-cial cat-e-gories." So-ci-o-log-i-cal M
eth-ods and Re-search. Avail-able at https://osf.io/gx4y3/. 
[2] [3]
Overfull \hbox (3.29773pt too wide) in paragraph at lines 135--136
\T1/ptm/m/n/10 tions to folds sys-tem-at-i-cally: sort the data by the vari-abl
e named \T1/zi4/m/n/10 category_name\T1/ptm/m/n/10 ,

Overfull \hbox (76.24771pt too wide) in paragraph at lines 145--149
[]\T1/zi4/m/n/10 counterfactual_means \T1/ptm/m/n/10 A tib-ble with a coun-ter-
fac-tual mean es-ti-mate for each cat-e-gory \T1/zi4/m/n/10 counterfactual_mean
s

Overfull \hbox (28.22552pt too wide) in paragraph at lines 155--156
\T1/ptm/m/n/10 dis-par-i-ties across so-cial cat-e-gories." So-ci-o-log-i-cal M
eth-ods and Re-search. Avail-able at https://osf.io/gx4y3/. 
[4]
Overfull \hbox (28.22552pt too wide) in paragraph at lines 181--182
\T1/ptm/m/n/10 dis-par-i-ties across so-cial cat-e-gories." So-ci-o-log-i-cal M
eth-ods and Re-search. Avail-able at https://osf.io/gx4y3/. 
[5]
Overfull \hbox (15.99843pt too wide) in paragraph at lines 226--227
[]\T1/ptm/m/n/10 An ob-ject of class \T1/zi4/m/n/10 gapclosing\T1/ptm/m/n/10 , 
which re-sults from a call to the func-tion \T1/zi4/m/n/10 gapclosing 

Overfull \hbox (28.22552pt too wide) in paragraph at lines 243--244
\T1/ptm/m/n/10 dis-par-i-ties across so-cial cat-e-gories." So-ci-o-log-i-cal M
eth-ods and Re-search. Avail-able at https://osf.io/gx4y3/. 
[6]
Overfull \hbox (28.22552pt too wide) in paragraph at lines 273--274
\T1/ptm/m/n/10 dis-par-i-ties across so-cial cat-e-gories." So-ci-o-log-i-cal M
eth-ods and Re-search. Avail-able at https://osf.io/gx4y3/. 

Overfull \hbox (4.06648pt too wide) in paragraph at lines 275--276
\T1/ptm/m/n/10 Co-or-di-nate De-scent." Jour-nal of Sta-tis-ti-cal Soft-ware, 3
3(1), 1^^U22. https://www.jstatsoft.org/v33/i01/. 
[7]
Overfull \hbox (6.45758pt too wide) in paragraph at lines 328--329
[]\T1/ptm/m/n/10 Character for the type of sam-ple split-ting to be con-ducted.
 One of "sin-gle_sample"
[8]
Overfull \hbox (3.29773pt too wide) in paragraph at lines 340--341
\T1/ptm/m/n/10 tions to folds sys-tem-at-i-cally: sort the data by the vari-abl
e named \T1/zi4/m/n/10 category_name\T1/ptm/m/n/10 ,
(/usr/local/texlive/2021/texmf-dist/tex/latex/psnfss/ts1ptm.fd)
Underfull \hbox (badness 10000) in paragraph at lines 351--352


Underfull \hbox (badness 10000) in paragraph at lines 352--353


Overfull \hbox (11.12741pt too wide) in paragraph at lines 353--354
[]\T1/zi4/m/n/10 counterfactual_means \T1/ptm/m/n/10 A tib-ble con-tain-ing the
 coun-ter-fac-tual mean out-come (post-intervention

Underfull \hbox (badness 10000) in paragraph at lines 353--354


Overfull \hbox (2.66747pt too wide) in paragraph at lines 354--355
[]\T1/zi4/m/n/10 counterfactual_disparities \T1/ptm/m/n/10 A tib-ble con-tain-i
ng the coun-ter-fac-tual dis-par-i-ties (gap-closing

Underfull \hbox (badness 10000) in paragraph at lines 354--355


Underfull \hbox (badness 10000) in paragraph at lines 355--356


Underfull \hbox (badness 10000) in paragraph at lines 356--357

[9]
Underfull \hbox (badness 10000) in paragraph at lines 357--358


Underfull \hbox (badness 10000) in paragraph at lines 358--359


Underfull \hbox (badness 10000) in paragraph at lines 359--360


Underfull \hbox (badness 10000) in paragraph at lines 360--361


Underfull \hbox (badness 10000) in paragraph at lines 361--362


Overfull \hbox (28.22552pt too wide) in paragraph at lines 369--370
\T1/ptm/m/n/10 dis-par-i-ties across so-cial cat-e-gories." So-ci-o-log-i-cal M
eth-ods and Re-search. Avail-able at https://osf.io/gx4y3/. 

Overfull \hbox (4.06648pt too wide) in paragraph at lines 371--372
\T1/ptm/m/n/10 Co-or-di-nate De-scent." Jour-nal of Sta-tis-ti-cal Soft-ware, 3
3(1), 1^^U22. https://www.jstatsoft.org/v33/i01/. 
[10] [11]
Overfull \hbox (28.22552pt too wide) in paragraph at lines 455--456
\T1/ptm/m/n/10 dis-par-i-ties across so-cial cat-e-gories." So-ci-o-log-i-cal M
eth-ods and Re-search. Avail-able at https://osf.io/gx4y3/. 

Overfull \hbox (23.29904pt too wide) in paragraph at lines 472--473
\T1/ptm/m/n/10 umn named \T1/zi4/m/n/10 estimate\T1/ptm/m/n/10 ) and the cat-e-
gory name (named as spec-i-fied in \T1/zi4/m/n/10 category_name\T1/ptm/m/n/10 )
 

Overfull \hbox (28.22552pt too wide) in paragraph at lines 483--484
\T1/ptm/m/n/10 dis-par-i-ties across so-cial cat-e-gories." So-ci-o-log-i-cal M
eth-ods and Re-search. Avail-able at https://osf.io/gx4y3/. 

Overfull \hbox (4.06648pt too wide) in paragraph at lines 485--486
\T1/ptm/m/n/10 Co-or-di-nate De-scent." Jour-nal of Sta-tis-ti-cal Soft-ware, 3
3(1), 1^^U22. https://www.jstatsoft.org/v33/i01/. 
[12]
Overfull \hbox (15.99843pt too wide) in paragraph at lines 515--516
[]\T1/ptm/m/n/10 An ob-ject of class \T1/zi4/m/n/10 gapclosing\T1/ptm/m/n/10 , 
which re-sults from a call to the func-tion \T1/zi4/m/n/10 gapclosing 

Overfull \hbox (28.22552pt too wide) in paragraph at lines 530--531
\T1/ptm/m/n/10 dis-par-i-ties across so-cial cat-e-gories." So-ci-o-log-i-cal M
eth-ods and Re-search. Avail-able at https://osf.io/gx4y3/. 
[13] [14]
Overfull \hbox (76.24771pt too wide) in paragraph at lines 587--591
[]\T1/zi4/m/n/10 counterfactual_means \T1/ptm/m/n/10 A tib-ble with a coun-ter-
fac-tual mean es-ti-mate for each cat-e-gory \T1/zi4/m/n/10 counterfactual_mean
s

Overfull \hbox (28.22552pt too wide) in paragraph at lines 597--598
\T1/ptm/m/n/10 dis-par-i-ties across so-cial cat-e-gories." So-ci-o-log-i-cal M
eth-ods and Re-search. Avail-able at https://osf.io/gx4y3/. 

Overfull \hbox (15.99843pt too wide) in paragraph at lines 623--624
[]\T1/ptm/m/n/10 An ob-ject of class \T1/zi4/m/n/10 gapclosing\T1/ptm/m/n/10 , 
which re-sults from a call to the func-tion \T1/zi4/m/n/10 gapclosing 
[15]
Overfull \hbox (28.22552pt too wide) in paragraph at lines 644--645
\T1/ptm/m/n/10 dis-par-i-ties across so-cial cat-e-gories." So-ci-o-log-i-cal M
eth-ods and Re-search. Avail-able at https://osf.io/gx4y3/. 

Overfull \hbox (15.99843pt too wide) in paragraph at lines 662--663
[]\T1/ptm/m/n/10 An ob-ject of class \T1/zi4/m/n/10 gapclosing\T1/ptm/m/n/10 , 
which re-sults from a call to the func-tion \T1/zi4/m/n/10 gapclosing 

Overfull \hbox (28.22552pt too wide) in paragraph at lines 673--674
\T1/ptm/m/n/10 dis-par-i-ties across so-cial cat-e-gories." So-ci-o-log-i-cal M
eth-ods and Re-search. Avail-able at https://osf.io/gx4y3/. 
No file Rd2.ind.
[16]
(/private/var/folders/xv/74dy9zwx1cl44s41qn5sn2xm0000gn/T/Rtmpj1RhZx/Rd2pdfdad4
29c63c17/Rd2.aux) )
(see the transcript file for additional information){/usr/local/texlive/2021/te
xmf-dist/fonts/enc/dvips/inconsolata/i4-ts1.enc}{/usr/local/texlive/2021/texmf-
dist/fonts/enc/dvips/base/8r.enc}{/usr/local/texlive/2021/texmf-dist/fonts/enc/
dvips/inconsolata/i4-t1-0.enc}</usr/local/texlive/2021/texmf-dist/fonts/type1/p
ublic/inconsolata/Inconsolata-zi4r.pfb></usr/local/texlive/2021/texmf-dist/font
s/type1/urw/helvetic/uhvr8a.pfb></usr/local/texlive/2021/texmf-dist/fonts/type1
/urw/times/utmb8a.pfb></usr/local/texlive/2021/texmf-dist/fonts/type1/urw/times
/utmr8a.pfb></usr/local/texlive/2021/texmf-dist/fonts/type1/urw/times/utmr8a.pf
b></usr/local/texlive/2021/texmf-dist/fonts/type1/urw/times/utmri8a.pfb>
Output written on Rd2.pdf (16 pages, 111107 bytes).
Transcript written on Rd2.log.
This is makeindex, version 2.15 [TeX Live 2021] (kpathsea + Thai support).
Scanning input file Rd2.idx....done (12 entries accepted, 0 rejected).
Sorting entries....done (38 comparisons).
Generating output file Rd2.ind....done (34 lines written, 0 warnings).
Output written in Rd2.ind.
Transcript written in Rd2.ilg.
This is pdfTeX, Version 3.141592653-2.6-1.40.22 (TeX Live 2021) (preloaded format=pdflatex)
 restricted \write18 enabled.
entering extended mode
LaTeX2e <2020-10-01> patch level 4
L3 programming layer <2021-02-18>
(./Rd2.tex
(/usr/local/texlive/2021/texmf-dist/tex/latex/base/book.cls
Document Class: book 2020/04/10 v1.4m Standard LaTeX document class
(/usr/local/texlive/2021/texmf-dist/tex/latex/base/bk10.clo))
(/Library/Frameworks/R.framework/Resources/share/texmf/tex/latex/Rd.sty
(/usr/local/texlive/2021/texmf-dist/tex/latex/base/ifthen.sty)
(/usr/local/texlive/2021/texmf-dist/tex/latex/tools/longtable.sty)
(/usr/local/texlive/2021/texmf-dist/tex/latex/tools/bm.sty)
(/usr/local/texlive/2021/texmf-dist/tex/latex/base/alltt.sty)
(/usr/local/texlive/2021/texmf-dist/tex/latex/tools/verbatim.sty)
(/usr/local/texlive/2021/texmf-dist/tex/latex/url/url.sty)
(/usr/local/texlive/2021/texmf-dist/tex/latex/base/textcomp.sty)
(/usr/local/texlive/2021/texmf-dist/tex/latex/base/fontenc.sty)
(/usr/local/texlive/2021/texmf-dist/tex/latex/psnfss/times.sty)
(/usr/local/texlive/2021/texmf-dist/tex/latex/inconsolata/zi4.sty
`inconsolata-zi4' v1.12, 2019/05/17 Text macros for Inconsolata (msharpe)
(/usr/local/texlive/2021/texmf-dist/tex/latex/xkeyval/xkeyval.sty
(/usr/local/texlive/2021/texmf-dist/tex/generic/xkeyval/xkeyval.tex
(/usr/local/texlive/2021/texmf-dist/tex/generic/xkeyval/xkvutils.tex
(/usr/local/texlive/2021/texmf-dist/tex/generic/xkeyval/keyval.tex)))))
(/usr/local/texlive/2021/texmf-dist/tex/latex/graphics/color.sty
(/usr/local/texlive/2021/texmf-dist/tex/latex/graphics-cfg/color.cfg)
(/usr/local/texlive/2021/texmf-dist/tex/latex/graphics-def/pdftex.def))
(/usr/local/texlive/2021/texmf-dist/tex/latex/hyperref/hyperref.sty
(/usr/local/texlive/2021/texmf-dist/tex/generic/ltxcmds/ltxcmds.sty)
(/usr/local/texlive/2021/texmf-dist/tex/generic/iftex/iftex.sty)
(/usr/local/texlive/2021/texmf-dist/tex/generic/pdftexcmds/pdftexcmds.sty
(/usr/local/texlive/2021/texmf-dist/tex/generic/infwarerr/infwarerr.sty))
(/usr/local/texlive/2021/texmf-dist/tex/generic/kvsetkeys/kvsetkeys.sty)
(/usr/local/texlive/2021/texmf-dist/tex/generic/kvdefinekeys/kvdefinekeys.sty)
(/usr/local/texlive/2021/texmf-dist/tex/generic/pdfescape/pdfescape.sty)
(/usr/local/texlive/2021/texmf-dist/tex/latex/hycolor/hycolor.sty)
(/usr/local/texlive/2021/texmf-dist/tex/latex/letltxmacro/letltxmacro.sty)
(/usr/local/texlive/2021/texmf-dist/tex/latex/auxhook/auxhook.sty)
(/usr/local/texlive/2021/texmf-dist/tex/latex/kvoptions/kvoptions.sty)
(/usr/local/texlive/2021/texmf-dist/tex/latex/hyperref/pd1enc.def)
(/usr/local/texlive/2021/texmf-dist/tex/latex/hyperref/hyperref-langpatches.def
) (/usr/local/texlive/2021/texmf-dist/tex/generic/intcalc/intcalc.sty)
(/usr/local/texlive/2021/texmf-dist/tex/generic/etexcmds/etexcmds.sty)
(/usr/local/texlive/2021/texmf-dist/tex/latex/hyperref/puenc.def)
(/usr/local/texlive/2021/texmf-dist/tex/generic/bitset/bitset.sty
(/usr/local/texlive/2021/texmf-dist/tex/generic/bigintcalc/bigintcalc.sty))
(/usr/local/texlive/2021/texmf-dist/tex/latex/base/atbegshi-ltx.sty))
(/usr/local/texlive/2021/texmf-dist/tex/latex/hyperref/hpdftex.def
(/usr/local/texlive/2021/texmf-dist/tex/latex/base/atveryend-ltx.sty)
(/usr/local/texlive/2021/texmf-dist/tex/latex/rerunfilecheck/rerunfilecheck.sty

(/usr/local/texlive/2021/texmf-dist/tex/generic/uniquecounter/uniquecounter.sty
)))

Package hyperref Warning: Option `hyperindex' has already been used,
(hyperref)                setting the option has no effect on input line 377.


Package hyperref Warning: Option `pagebackref' has already been used,
(hyperref)                setting the option has no effect on input line 377.

) (/usr/local/texlive/2021/texmf-dist/tex/latex/base/makeidx.sty)
(/usr/local/texlive/2021/texmf-dist/tex/latex/base/inputenc.sty)
Writing index file Rd2.idx
(/usr/local/texlive/2021/texmf-dist/tex/latex/psnfss/t1ptm.fd)
(/usr/local/texlive/2021/texmf-dist/tex/latex/l3backend/l3backend-pdftex.def)
(/private/var/folders/xv/74dy9zwx1cl44s41qn5sn2xm0000gn/T/Rtmpj1RhZx/Rd2pdfdad4
29c63c17/Rd2.aux)
(/usr/local/texlive/2021/texmf-dist/tex/context/base/mkii/supp-pdf.mkii
[Loading MPS to PDF converter (version 2006.09.02).]
) (/usr/local/texlive/2021/texmf-dist/tex/latex/hyperref/nameref.sty
(/usr/local/texlive/2021/texmf-dist/tex/latex/refcount/refcount.sty)
(/usr/local/texlive/2021/texmf-dist/tex/generic/gettitlestring/gettitlestring.s
ty))
(/private/var/folders/xv/74dy9zwx1cl44s41qn5sn2xm0000gn/T/Rtmpj1RhZx/Rd2pdfdad4
29c63c17/Rd2.out)
(/private/var/folders/xv/74dy9zwx1cl44s41qn5sn2xm0000gn/T/Rtmpj1RhZx/Rd2pdfdad4
29c63c17/Rd2.out)
(/usr/local/texlive/2021/texmf-dist/tex/latex/inconsolata/t1zi4.fd)
(/usr/local/texlive/2021/texmf-dist/tex/latex/psnfss/t1phv.fd)
(/private/var/folders/xv/74dy9zwx1cl44s41qn5sn2xm0000gn/T/Rtmpj1RhZx/Rd2pdfdad4
29c63c17/Rd2.toc [1{/usr/local/texlive/2021/texmf-var/fonts/map/pdftex/updmap/p
dftex.map}])
(/usr/local/texlive/2021/texmf-dist/tex/latex/inconsolata/ts1zi4.fd)
Overfull \hbox (28.22552pt too wide) in paragraph at lines 65--66
\T1/ptm/m/n/10 dis-par-i-ties across so-cial cat-e-gories." So-ci-o-log-i-cal M
eth-ods and Re-search. Avail-able at https://osf.io/gx4y3/. 
[2] [3]
Overfull \hbox (3.29773pt too wide) in paragraph at lines 135--136
\T1/ptm/m/n/10 tions to folds sys-tem-at-i-cally: sort the data by the vari-abl
e named \T1/zi4/m/n/10 category_name\T1/ptm/m/n/10 ,

Overfull \hbox (76.24771pt too wide) in paragraph at lines 145--149
[]\T1/zi4/m/n/10 counterfactual_means \T1/ptm/m/n/10 A tib-ble with a coun-ter-
fac-tual mean es-ti-mate for each cat-e-gory \T1/zi4/m/n/10 counterfactual_mean
s

Overfull \hbox (28.22552pt too wide) in paragraph at lines 155--156
\T1/ptm/m/n/10 dis-par-i-ties across so-cial cat-e-gories." So-ci-o-log-i-cal M
eth-ods and Re-search. Avail-able at https://osf.io/gx4y3/. 
[4]
Overfull \hbox (28.22552pt too wide) in paragraph at lines 181--182
\T1/ptm/m/n/10 dis-par-i-ties across so-cial cat-e-gories." So-ci-o-log-i-cal M
eth-ods and Re-search. Avail-able at https://osf.io/gx4y3/. 
[5]
Overfull \hbox (15.99843pt too wide) in paragraph at lines 226--227
[]\T1/ptm/m/n/10 An ob-ject of class \T1/zi4/m/n/10 gapclosing\T1/ptm/m/n/10 , 
which re-sults from a call to the func-tion \T1/zi4/m/n/10 gapclosing 

Overfull \hbox (28.22552pt too wide) in paragraph at lines 243--244
\T1/ptm/m/n/10 dis-par-i-ties across so-cial cat-e-gories." So-ci-o-log-i-cal M
eth-ods and Re-search. Avail-able at https://osf.io/gx4y3/. 
[6]
Overfull \hbox (28.22552pt too wide) in paragraph at lines 273--274
\T1/ptm/m/n/10 dis-par-i-ties across so-cial cat-e-gories." So-ci-o-log-i-cal M
eth-ods and Re-search. Avail-able at https://osf.io/gx4y3/. 

Overfull \hbox (4.06648pt too wide) in paragraph at lines 275--276
\T1/ptm/m/n/10 Co-or-di-nate De-scent." Jour-nal of Sta-tis-ti-cal Soft-ware, 3
3(1), 1^^U22. https://www.jstatsoft.org/v33/i01/. 
[7]
Overfull \hbox (6.45758pt too wide) in paragraph at lines 328--329
[]\T1/ptm/m/n/10 Character for the type of sam-ple split-ting to be con-ducted.
 One of "sin-gle_sample"
[8]
Overfull \hbox (3.29773pt too wide) in paragraph at lines 340--341
\T1/ptm/m/n/10 tions to folds sys-tem-at-i-cally: sort the data by the vari-abl
e named \T1/zi4/m/n/10 category_name\T1/ptm/m/n/10 ,
(/usr/local/texlive/2021/texmf-dist/tex/latex/psnfss/ts1ptm.fd)
Underfull \hbox (badness 10000) in paragraph at lines 351--352


Underfull \hbox (badness 10000) in paragraph at lines 352--353


Overfull \hbox (11.12741pt too wide) in paragraph at lines 353--354
[]\T1/zi4/m/n/10 counterfactual_means \T1/ptm/m/n/10 A tib-ble con-tain-ing the
 coun-ter-fac-tual mean out-come (post-intervention

Underfull \hbox (badness 10000) in paragraph at lines 353--354


Overfull \hbox (2.66747pt too wide) in paragraph at lines 354--355
[]\T1/zi4/m/n/10 counterfactual_disparities \T1/ptm/m/n/10 A tib-ble con-tain-i
ng the coun-ter-fac-tual dis-par-i-ties (gap-closing

Underfull \hbox (badness 10000) in paragraph at lines 354--355


Underfull \hbox (badness 10000) in paragraph at lines 355--356


Underfull \hbox (badness 10000) in paragraph at lines 356--357

[9]
Underfull \hbox (badness 10000) in paragraph at lines 357--358


Underfull \hbox (badness 10000) in paragraph at lines 358--359


Underfull \hbox (badness 10000) in paragraph at lines 359--360


Underfull \hbox (badness 10000) in paragraph at lines 360--361


Underfull \hbox (badness 10000) in paragraph at lines 361--362


Overfull \hbox (28.22552pt too wide) in paragraph at lines 369--370
\T1/ptm/m/n/10 dis-par-i-ties across so-cial cat-e-gories." So-ci-o-log-i-cal M
eth-ods and Re-search. Avail-able at https://osf.io/gx4y3/. 

Overfull \hbox (4.06648pt too wide) in paragraph at lines 371--372
\T1/ptm/m/n/10 Co-or-di-nate De-scent." Jour-nal of Sta-tis-ti-cal Soft-ware, 3
3(1), 1^^U22. https://www.jstatsoft.org/v33/i01/. 
[10] [11]
Overfull \hbox (28.22552pt too wide) in paragraph at lines 455--456
\T1/ptm/m/n/10 dis-par-i-ties across so-cial cat-e-gories." So-ci-o-log-i-cal M
eth-ods and Re-search. Avail-able at https://osf.io/gx4y3/. 

Overfull \hbox (23.29904pt too wide) in paragraph at lines 472--473
\T1/ptm/m/n/10 umn named \T1/zi4/m/n/10 estimate\T1/ptm/m/n/10 ) and the cat-e-
gory name (named as spec-i-fied in \T1/zi4/m/n/10 category_name\T1/ptm/m/n/10 )
 

Overfull \hbox (28.22552pt too wide) in paragraph at lines 483--484
\T1/ptm/m/n/10 dis-par-i-ties across so-cial cat-e-gories." So-ci-o-log-i-cal M
eth-ods and Re-search. Avail-able at https://osf.io/gx4y3/. 

Overfull \hbox (4.06648pt too wide) in paragraph at lines 485--486
\T1/ptm/m/n/10 Co-or-di-nate De-scent." Jour-nal of Sta-tis-ti-cal Soft-ware, 3
3(1), 1^^U22. https://www.jstatsoft.org/v33/i01/. 
[12]
Overfull \hbox (15.99843pt too wide) in paragraph at lines 515--516
[]\T1/ptm/m/n/10 An ob-ject of class \T1/zi4/m/n/10 gapclosing\T1/ptm/m/n/10 , 
which re-sults from a call to the func-tion \T1/zi4/m/n/10 gapclosing 

Overfull \hbox (28.22552pt too wide) in paragraph at lines 530--531
\T1/ptm/m/n/10 dis-par-i-ties across so-cial cat-e-gories." So-ci-o-log-i-cal M
eth-ods and Re-search. Avail-able at https://osf.io/gx4y3/. 
[13] [14]
Overfull \hbox (76.24771pt too wide) in paragraph at lines 587--591
[]\T1/zi4/m/n/10 counterfactual_means \T1/ptm/m/n/10 A tib-ble with a coun-ter-
fac-tual mean es-ti-mate for each cat-e-gory \T1/zi4/m/n/10 counterfactual_mean
s

Overfull \hbox (28.22552pt too wide) in paragraph at lines 597--598
\T1/ptm/m/n/10 dis-par-i-ties across so-cial cat-e-gories." So-ci-o-log-i-cal M
eth-ods and Re-search. Avail-able at https://osf.io/gx4y3/. 

Overfull \hbox (15.99843pt too wide) in paragraph at lines 623--624
[]\T1/ptm/m/n/10 An ob-ject of class \T1/zi4/m/n/10 gapclosing\T1/ptm/m/n/10 , 
which re-sults from a call to the func-tion \T1/zi4/m/n/10 gapclosing 
[15]
Overfull \hbox (28.22552pt too wide) in paragraph at lines 644--645
\T1/ptm/m/n/10 dis-par-i-ties across so-cial cat-e-gories." So-ci-o-log-i-cal M
eth-ods and Re-search. Avail-able at https://osf.io/gx4y3/. 

Overfull \hbox (15.99843pt too wide) in paragraph at lines 662--663
[]\T1/ptm/m/n/10 An ob-ject of class \T1/zi4/m/n/10 gapclosing\T1/ptm/m/n/10 , 
which re-sults from a call to the func-tion \T1/zi4/m/n/10 gapclosing 

Overfull \hbox (28.22552pt too wide) in paragraph at lines 673--674
\T1/ptm/m/n/10 dis-par-i-ties across so-cial cat-e-gories." So-ci-o-log-i-cal M
eth-ods and Re-search. Avail-able at https://osf.io/gx4y3/. 

(/private/var/folders/xv/74dy9zwx1cl44s41qn5sn2xm0000gn/T/Rtmpj1RhZx/Rd2pdfdad4
29c63c17/Rd2.ind [16] [17])
(/private/var/folders/xv/74dy9zwx1cl44s41qn5sn2xm0000gn/T/Rtmpj1RhZx/Rd2pdfdad4
29c63c17/Rd2.aux)

Package rerunfilecheck Warning: File `Rd2.out' has changed.
(rerunfilecheck)                Rerun to get outlines right
(rerunfilecheck)                or use package `bookmark'.

 )
(see the transcript file for additional information){/usr/local/texlive/2021/te
xmf-dist/fonts/enc/dvips/inconsolata/i4-ts1.enc}{/usr/local/texlive/2021/texmf-
dist/fonts/enc/dvips/base/8r.enc}{/usr/local/texlive/2021/texmf-dist/fonts/enc/
dvips/inconsolata/i4-t1-0.enc}</usr/local/texlive/2021/texmf-dist/fonts/type1/p
ublic/inconsolata/Inconsolata-zi4r.pfb></usr/local/texlive/2021/texmf-dist/font
s/type1/urw/helvetic/uhvr8a.pfb></usr/local/texlive/2021/texmf-dist/fonts/type1
/urw/times/utmb8a.pfb></usr/local/texlive/2021/texmf-dist/fonts/type1/urw/times
/utmr8a.pfb></usr/local/texlive/2021/texmf-dist/fonts/type1/urw/times/utmr8a.pf
b></usr/local/texlive/2021/texmf-dist/fonts/type1/urw/times/utmri8a.pfb>
Output written on Rd2.pdf (17 pages, 112219 bytes).
Transcript written on Rd2.log.
This is makeindex, version 2.15 [TeX Live 2021] (kpathsea + Thai support).
Scanning input file Rd2.idx....done (12 entries accepted, 0 rejected).
Sorting entries....done (38 comparisons).
Generating output file Rd2.ind....done (34 lines written, 0 warnings).
Output written in Rd2.ind.
Transcript written in Rd2.ilg.
This is pdfTeX, Version 3.141592653-2.6-1.40.22 (TeX Live 2021) (preloaded format=pdflatex)
 restricted \write18 enabled.
entering extended mode
LaTeX2e <2020-10-01> patch level 4
L3 programming layer <2021-02-18>
(./Rd2.tex
(/usr/local/texlive/2021/texmf-dist/tex/latex/base/book.cls
Document Class: book 2020/04/10 v1.4m Standard LaTeX document class
(/usr/local/texlive/2021/texmf-dist/tex/latex/base/bk10.clo))
(/Library/Frameworks/R.framework/Resources/share/texmf/tex/latex/Rd.sty
(/usr/local/texlive/2021/texmf-dist/tex/latex/base/ifthen.sty)
(/usr/local/texlive/2021/texmf-dist/tex/latex/tools/longtable.sty)
(/usr/local/texlive/2021/texmf-dist/tex/latex/tools/bm.sty)
(/usr/local/texlive/2021/texmf-dist/tex/latex/base/alltt.sty)
(/usr/local/texlive/2021/texmf-dist/tex/latex/tools/verbatim.sty)
(/usr/local/texlive/2021/texmf-dist/tex/latex/url/url.sty)
(/usr/local/texlive/2021/texmf-dist/tex/latex/base/textcomp.sty)
(/usr/local/texlive/2021/texmf-dist/tex/latex/base/fontenc.sty)
(/usr/local/texlive/2021/texmf-dist/tex/latex/psnfss/times.sty)
(/usr/local/texlive/2021/texmf-dist/tex/latex/inconsolata/zi4.sty
`inconsolata-zi4' v1.12, 2019/05/17 Text macros for Inconsolata (msharpe)
(/usr/local/texlive/2021/texmf-dist/tex/latex/xkeyval/xkeyval.sty
(/usr/local/texlive/2021/texmf-dist/tex/generic/xkeyval/xkeyval.tex
(/usr/local/texlive/2021/texmf-dist/tex/generic/xkeyval/xkvutils.tex
(/usr/local/texlive/2021/texmf-dist/tex/generic/xkeyval/keyval.tex)))))
(/usr/local/texlive/2021/texmf-dist/tex/latex/graphics/color.sty
(/usr/local/texlive/2021/texmf-dist/tex/latex/graphics-cfg/color.cfg)
(/usr/local/texlive/2021/texmf-dist/tex/latex/graphics-def/pdftex.def))
(/usr/local/texlive/2021/texmf-dist/tex/latex/hyperref/hyperref.sty
(/usr/local/texlive/2021/texmf-dist/tex/generic/ltxcmds/ltxcmds.sty)
(/usr/local/texlive/2021/texmf-dist/tex/generic/iftex/iftex.sty)
(/usr/local/texlive/2021/texmf-dist/tex/generic/pdftexcmds/pdftexcmds.sty
(/usr/local/texlive/2021/texmf-dist/tex/generic/infwarerr/infwarerr.sty))
(/usr/local/texlive/2021/texmf-dist/tex/generic/kvsetkeys/kvsetkeys.sty)
(/usr/local/texlive/2021/texmf-dist/tex/generic/kvdefinekeys/kvdefinekeys.sty)
(/usr/local/texlive/2021/texmf-dist/tex/generic/pdfescape/pdfescape.sty)
(/usr/local/texlive/2021/texmf-dist/tex/latex/hycolor/hycolor.sty)
(/usr/local/texlive/2021/texmf-dist/tex/latex/letltxmacro/letltxmacro.sty)
(/usr/local/texlive/2021/texmf-dist/tex/latex/auxhook/auxhook.sty)
(/usr/local/texlive/2021/texmf-dist/tex/latex/kvoptions/kvoptions.sty)
(/usr/local/texlive/2021/texmf-dist/tex/latex/hyperref/pd1enc.def)
(/usr/local/texlive/2021/texmf-dist/tex/latex/hyperref/hyperref-langpatches.def
) (/usr/local/texlive/2021/texmf-dist/tex/generic/intcalc/intcalc.sty)
(/usr/local/texlive/2021/texmf-dist/tex/generic/etexcmds/etexcmds.sty)
(/usr/local/texlive/2021/texmf-dist/tex/latex/hyperref/puenc.def)
(/usr/local/texlive/2021/texmf-dist/tex/generic/bitset/bitset.sty
(/usr/local/texlive/2021/texmf-dist/tex/generic/bigintcalc/bigintcalc.sty))
(/usr/local/texlive/2021/texmf-dist/tex/latex/base/atbegshi-ltx.sty))
(/usr/local/texlive/2021/texmf-dist/tex/latex/hyperref/hpdftex.def
(/usr/local/texlive/2021/texmf-dist/tex/latex/base/atveryend-ltx.sty)
(/usr/local/texlive/2021/texmf-dist/tex/latex/rerunfilecheck/rerunfilecheck.sty

(/usr/local/texlive/2021/texmf-dist/tex/generic/uniquecounter/uniquecounter.sty
)))

Package hyperref Warning: Option `hyperindex' has already been used,
(hyperref)                setting the option has no effect on input line 377.


Package hyperref Warning: Option `pagebackref' has already been used,
(hyperref)                setting the option has no effect on input line 377.

) (/usr/local/texlive/2021/texmf-dist/tex/latex/base/makeidx.sty)
(/usr/local/texlive/2021/texmf-dist/tex/latex/base/inputenc.sty)
Writing index file Rd2.idx
(/usr/local/texlive/2021/texmf-dist/tex/latex/psnfss/t1ptm.fd)
(/usr/local/texlive/2021/texmf-dist/tex/latex/l3backend/l3backend-pdftex.def)
(/private/var/folders/xv/74dy9zwx1cl44s41qn5sn2xm0000gn/T/Rtmpj1RhZx/Rd2pdfdad4
29c63c17/Rd2.aux)
(/usr/local/texlive/2021/texmf-dist/tex/context/base/mkii/supp-pdf.mkii
[Loading MPS to PDF converter (version 2006.09.02).]
) (/usr/local/texlive/2021/texmf-dist/tex/latex/hyperref/nameref.sty
(/usr/local/texlive/2021/texmf-dist/tex/latex/refcount/refcount.sty)
(/usr/local/texlive/2021/texmf-dist/tex/generic/gettitlestring/gettitlestring.s
ty))
(/private/var/folders/xv/74dy9zwx1cl44s41qn5sn2xm0000gn/T/Rtmpj1RhZx/Rd2pdfdad4
29c63c17/Rd2.out)
(/private/var/folders/xv/74dy9zwx1cl44s41qn5sn2xm0000gn/T/Rtmpj1RhZx/Rd2pdfdad4
29c63c17/Rd2.out)
(/usr/local/texlive/2021/texmf-dist/tex/latex/inconsolata/t1zi4.fd)
(/usr/local/texlive/2021/texmf-dist/tex/latex/psnfss/t1phv.fd)
(/private/var/folders/xv/74dy9zwx1cl44s41qn5sn2xm0000gn/T/Rtmpj1RhZx/Rd2pdfdad4
29c63c17/Rd2.toc [1{/usr/local/texlive/2021/texmf-var/fonts/map/pdftex/updmap/p
dftex.map}])
(/usr/local/texlive/2021/texmf-dist/tex/latex/inconsolata/ts1zi4.fd)
Overfull \hbox (28.22552pt too wide) in paragraph at lines 65--66
\T1/ptm/m/n/10 dis-par-i-ties across so-cial cat-e-gories." So-ci-o-log-i-cal M
eth-ods and Re-search. Avail-able at https://osf.io/gx4y3/. 
[2] [3]
Overfull \hbox (3.29773pt too wide) in paragraph at lines 135--136
\T1/ptm/m/n/10 tions to folds sys-tem-at-i-cally: sort the data by the vari-abl
e named \T1/zi4/m/n/10 category_name\T1/ptm/m/n/10 ,

Overfull \hbox (76.24771pt too wide) in paragraph at lines 145--149
[]\T1/zi4/m/n/10 counterfactual_means \T1/ptm/m/n/10 A tib-ble with a coun-ter-
fac-tual mean es-ti-mate for each cat-e-gory \T1/zi4/m/n/10 counterfactual_mean
s

Overfull \hbox (28.22552pt too wide) in paragraph at lines 155--156
\T1/ptm/m/n/10 dis-par-i-ties across so-cial cat-e-gories." So-ci-o-log-i-cal M
eth-ods and Re-search. Avail-able at https://osf.io/gx4y3/. 
[4]
Overfull \hbox (28.22552pt too wide) in paragraph at lines 181--182
\T1/ptm/m/n/10 dis-par-i-ties across so-cial cat-e-gories." So-ci-o-log-i-cal M
eth-ods and Re-search. Avail-able at https://osf.io/gx4y3/. 
[5]
Overfull \hbox (15.99843pt too wide) in paragraph at lines 226--227
[]\T1/ptm/m/n/10 An ob-ject of class \T1/zi4/m/n/10 gapclosing\T1/ptm/m/n/10 , 
which re-sults from a call to the func-tion \T1/zi4/m/n/10 gapclosing 

Overfull \hbox (28.22552pt too wide) in paragraph at lines 243--244
\T1/ptm/m/n/10 dis-par-i-ties across so-cial cat-e-gories." So-ci-o-log-i-cal M
eth-ods and Re-search. Avail-able at https://osf.io/gx4y3/. 
[6]
Overfull \hbox (28.22552pt too wide) in paragraph at lines 273--274
\T1/ptm/m/n/10 dis-par-i-ties across so-cial cat-e-gories." So-ci-o-log-i-cal M
eth-ods and Re-search. Avail-able at https://osf.io/gx4y3/. 

Overfull \hbox (4.06648pt too wide) in paragraph at lines 275--276
\T1/ptm/m/n/10 Co-or-di-nate De-scent." Jour-nal of Sta-tis-ti-cal Soft-ware, 3
3(1), 1^^U22. https://www.jstatsoft.org/v33/i01/. 
[7]
Overfull \hbox (6.45758pt too wide) in paragraph at lines 328--329
[]\T1/ptm/m/n/10 Character for the type of sam-ple split-ting to be con-ducted.
 One of "sin-gle_sample"
[8]
Overfull \hbox (3.29773pt too wide) in paragraph at lines 340--341
\T1/ptm/m/n/10 tions to folds sys-tem-at-i-cally: sort the data by the vari-abl
e named \T1/zi4/m/n/10 category_name\T1/ptm/m/n/10 ,
(/usr/local/texlive/2021/texmf-dist/tex/latex/psnfss/ts1ptm.fd)
Underfull \hbox (badness 10000) in paragraph at lines 351--352


Underfull \hbox (badness 10000) in paragraph at lines 352--353


Overfull \hbox (11.12741pt too wide) in paragraph at lines 353--354
[]\T1/zi4/m/n/10 counterfactual_means \T1/ptm/m/n/10 A tib-ble con-tain-ing the
 coun-ter-fac-tual mean out-come (post-intervention

Underfull \hbox (badness 10000) in paragraph at lines 353--354


Overfull \hbox (2.66747pt too wide) in paragraph at lines 354--355
[]\T1/zi4/m/n/10 counterfactual_disparities \T1/ptm/m/n/10 A tib-ble con-tain-i
ng the coun-ter-fac-tual dis-par-i-ties (gap-closing

Underfull \hbox (badness 10000) in paragraph at lines 354--355


Underfull \hbox (badness 10000) in paragraph at lines 355--356


Underfull \hbox (badness 10000) in paragraph at lines 356--357

[9]
Underfull \hbox (badness 10000) in paragraph at lines 357--358


Underfull \hbox (badness 10000) in paragraph at lines 358--359


Underfull \hbox (badness 10000) in paragraph at lines 359--360


Underfull \hbox (badness 10000) in paragraph at lines 360--361


Underfull \hbox (badness 10000) in paragraph at lines 361--362


Overfull \hbox (28.22552pt too wide) in paragraph at lines 369--370
\T1/ptm/m/n/10 dis-par-i-ties across so-cial cat-e-gories." So-ci-o-log-i-cal M
eth-ods and Re-search. Avail-able at https://osf.io/gx4y3/. 

Overfull \hbox (4.06648pt too wide) in paragraph at lines 371--372
\T1/ptm/m/n/10 Co-or-di-nate De-scent." Jour-nal of Sta-tis-ti-cal Soft-ware, 3
3(1), 1^^U22. https://www.jstatsoft.org/v33/i01/. 
[10] [11]
Overfull \hbox (28.22552pt too wide) in paragraph at lines 455--456
\T1/ptm/m/n/10 dis-par-i-ties across so-cial cat-e-gories." So-ci-o-log-i-cal M
eth-ods and Re-search. Avail-able at https://osf.io/gx4y3/. 

Overfull \hbox (23.29904pt too wide) in paragraph at lines 472--473
\T1/ptm/m/n/10 umn named \T1/zi4/m/n/10 estimate\T1/ptm/m/n/10 ) and the cat-e-
gory name (named as spec-i-fied in \T1/zi4/m/n/10 category_name\T1/ptm/m/n/10 )
 

Overfull \hbox (28.22552pt too wide) in paragraph at lines 483--484
\T1/ptm/m/n/10 dis-par-i-ties across so-cial cat-e-gories." So-ci-o-log-i-cal M
eth-ods and Re-search. Avail-able at https://osf.io/gx4y3/. 

Overfull \hbox (4.06648pt too wide) in paragraph at lines 485--486
\T1/ptm/m/n/10 Co-or-di-nate De-scent." Jour-nal of Sta-tis-ti-cal Soft-ware, 3
3(1), 1^^U22. https://www.jstatsoft.org/v33/i01/. 
[12]
Overfull \hbox (15.99843pt too wide) in paragraph at lines 515--516
[]\T1/ptm/m/n/10 An ob-ject of class \T1/zi4/m/n/10 gapclosing\T1/ptm/m/n/10 , 
which re-sults from a call to the func-tion \T1/zi4/m/n/10 gapclosing 

Overfull \hbox (28.22552pt too wide) in paragraph at lines 530--531
\T1/ptm/m/n/10 dis-par-i-ties across so-cial cat-e-gories." So-ci-o-log-i-cal M
eth-ods and Re-search. Avail-able at https://osf.io/gx4y3/. 
[13] [14]
Overfull \hbox (76.24771pt too wide) in paragraph at lines 587--591
[]\T1/zi4/m/n/10 counterfactual_means \T1/ptm/m/n/10 A tib-ble with a coun-ter-
fac-tual mean es-ti-mate for each cat-e-gory \T1/zi4/m/n/10 counterfactual_mean
s

Overfull \hbox (28.22552pt too wide) in paragraph at lines 597--598
\T1/ptm/m/n/10 dis-par-i-ties across so-cial cat-e-gories." So-ci-o-log-i-cal M
eth-ods and Re-search. Avail-able at https://osf.io/gx4y3/. 

Overfull \hbox (15.99843pt too wide) in paragraph at lines 623--624
[]\T1/ptm/m/n/10 An ob-ject of class \T1/zi4/m/n/10 gapclosing\T1/ptm/m/n/10 , 
which re-sults from a call to the func-tion \T1/zi4/m/n/10 gapclosing 
[15]
Overfull \hbox (28.22552pt too wide) in paragraph at lines 644--645
\T1/ptm/m/n/10 dis-par-i-ties across so-cial cat-e-gories." So-ci-o-log-i-cal M
eth-ods and Re-search. Avail-able at https://osf.io/gx4y3/. 

Overfull \hbox (15.99843pt too wide) in paragraph at lines 662--663
[]\T1/ptm/m/n/10 An ob-ject of class \T1/zi4/m/n/10 gapclosing\T1/ptm/m/n/10 , 
which re-sults from a call to the func-tion \T1/zi4/m/n/10 gapclosing 

Overfull \hbox (28.22552pt too wide) in paragraph at lines 673--674
\T1/ptm/m/n/10 dis-par-i-ties across so-cial cat-e-gories." So-ci-o-log-i-cal M
eth-ods and Re-search. Avail-able at https://osf.io/gx4y3/. 

(/private/var/folders/xv/74dy9zwx1cl44s41qn5sn2xm0000gn/T/Rtmpj1RhZx/Rd2pdfdad4
29c63c17/Rd2.ind [16] [17])
(/private/var/folders/xv/74dy9zwx1cl44s41qn5sn2xm0000gn/T/Rtmpj1RhZx/Rd2pdfdad4
29c63c17/Rd2.aux) )
(see the transcript file for additional information){/usr/local/texlive/2021/te
xmf-dist/fonts/enc/dvips/inconsolata/i4-ts1.enc}{/usr/local/texlive/2021/texmf-
dist/fonts/enc/dvips/base/8r.enc}{/usr/local/texlive/2021/texmf-dist/fonts/enc/
dvips/inconsolata/i4-t1-0.enc}</usr/local/texlive/2021/texmf-dist/fonts/type1/p
ublic/inconsolata/Inconsolata-zi4r.pfb></usr/local/texlive/2021/texmf-dist/font
s/type1/urw/helvetic/uhvr8a.pfb></usr/local/texlive/2021/texmf-dist/fonts/type1
/urw/times/utmb8a.pfb></usr/local/texlive/2021/texmf-dist/fonts/type1/urw/times
/utmr8a.pfb></usr/local/texlive/2021/texmf-dist/fonts/type1/urw/times/utmr8a.pf
b></usr/local/texlive/2021/texmf-dist/fonts/type1/urw/times/utmri8a.pfb>
Output written on Rd2.pdf (17 pages, 112347 bytes).
Transcript written on Rd2.log.
Saving output to gapclosing-manual.pdf ...
Done
You may want to clean up by 'rm -Rf /var/folders/xv/74dy9zwx1cl44s41qn5sn2xm0000gn/T//Rtmpj1RhZx/Rd2pdfdad429c63c17'
